<?xml version="1.0" encoding="UTF-8"?>
<testsuite xmlns:xsi="http://www.w3.org/2001/XMLSchema-instance" xsi:noNamespaceSchemaLocation="https://maven.apache.org/surefire/maven-surefire-plugin/xsd/surefire-test-report-3.0.xsd" version="3.0" name="ie.gmit.EmployeeTest" time="0.05" tests="7" errors="0" skipped="0" failures="0">
  <properties>
[...]
</properties>
  <testcase name="Testing for employement details" classname="ie.gmit.EmployeeTest" time="0.02"/>
  <testcase name="Testing for no Title" classname="ie.gmit.EmployeeTest" time="0.01"/>
  <testcase name="Testing for PPS" classname="ie.gmit.EmployeeTest" time="0"/>
  <testcase name="Testing for Name" classname="ie.gmit.EmployeeTest" time="0"/>
  <testcase name="Testing for Age" classname="ie.gmit.EmployeeTest" time="0"/>
  <testcase name="Testing for phone number" classname="ie.gmit.EmployeeTest" time="0.01"/>
  <testcase name="testConstructor" classname="ie.gmit.EmployeeTest" time="0"/>
</testsuite>